<?xml version="1.0" encoding="UTF-8"?>
<!-- Generated by org.testng.reporters.JUnitReportReporter -->
<testsuite skipped="0" hostname="Mruduls-MacBook-Pro.local" name="com.sits.amz.TestProductSearch" tests="1" failures="0" timestamp="04 Dec 2017 04:03:48 GMT" time="0.006" errors="0">
  <testcase name="testProductSearchByKeyWord" time="0.006" classname="com.sits.amz.TestProductSearch"/>
</testsuite> <!-- com.sits.amz.TestProductSearch -->
